{"name": "test_valid_signin[chrome]", "status": "broken", "statusDetails": {"message": "selenium.common.exceptions.WebDriverException: Message: no such execution context\n  (Session info: chrome=123.0.6312.59)\nStacktrace:\n\tGetHandleVerifier [0x00007FF631E27062+63090]\n\t(No symbol) [0x00007FF631D92CB2]\n\t(No symbol) [0x00007FF631C2EB1D]\n\t(No symbol) [0x00007FF631C1C76D]\n\t(No symbol) [0x00007FF631C1B100]\n\t(No symbol) [0x00007FF631C1BA8F]\n\t(No symbol) [0x00007FF631C2925A]\n\t(No symbol) [0x00007FF631C3AB0E]\n\t(No symbol) [0x00007FF631C3F82A]\n\t(No symbol) [0x00007FF631C1C006]\n\t(No symbol) [0x00007FF631C3A6A4]\n\t(No symbol) [0x00007FF631CB32ED]\n\t(No symbol) [0x00007FF631C96D83]\n\t(No symbol) [0x00007FF631C683A8]\n\t(No symbol) [0x00007FF631C69441]\n\tGetHandleVerifier [0x00007FF6322225CD+4238301]\n\tGetHandleVerifier [0x00007FF63225F72D+4488509]\n\tGetHandleVerifier [0x00007FF632257A0F+4456479]\n\tGetHandleVerifier [0x00007FF631F005A6+953270]\n\t(No symbol) [0x00007FF631D9E57F]\n\t(No symbol) [0x00007FF631D99254]\n\t(No symbol) [0x00007FF631D9938B]\n\t(No symbol) [0x00007FF631D89BC4]\n\tBaseThreadInitThunk [0x00007FFF0BFA257D+29]\n\tRtlUserThreadStart [0x00007FFF0CF4AA58+40]", "trace": "request = <SubRequest 'init_driver' for <Function test_valid_signin[chrome]>>\n\n    @pytest.fixture(params=[\"chrome\"], scope=\"function\")\n    def init_driver(request):\n        if request.param == \"chrome\":\n            # Redirecting WebDriver's output streams\n            options = webdriver.ChromeOptions()\n            options.add_argument('--log-level=3')  # Suppress WebDriver logs\n    \n            # Initialize WebDriver with redirected output streams\n            driver = webdriver.Chrome(options=options)\n            config = read_config()\n            if not config or 'base_url' not in config:  # Change 'BASE_URL' to 'base_url'\n                raise ValueError(\"BASE_URL not found in the config file.\")\n            base_url = config['base_url']\n            print(f\"Base URL: {base_url}\")\n            print(driver.capabilities['chrome']['chromedriverVersion'],\"**************************************\")\n>           driver.maximize_window()\n\nTests\\configtest.py:50: \n_ _ _ _ _ _ _ _ _ _ _ _ _ _ _ _ _ _ _ _ _ _ _ _ _ _ _ _ _ _ _ _ _ _ _ _ _ _ _ _ _ _ _ _ _ _ _ _ _ _ _ _ _ _ _ _ _ _ _ _ _ _ _ _ _ _ _ _ _ _ _ _ _ _\n.venv\\Lib\\site-packages\\selenium\\webdriver\\remote\\webdriver.py:500: in maximize_window\n    self.execute(command, None)\n.venv\\Lib\\site-packages\\selenium\\webdriver\\remote\\webdriver.py:348: in execute\n    self.error_handler.check_response(response)\n_ _ _ _ _ _ _ _ _ _ _ _ _ _ _ _ _ _ _ _ _ _ _ _ _ _ _ _ _ _ _ _ _ _ _ _ _ _ _ _ _ _ _ _ _ _ _ _ _ _ _ _ _ _ _ _ _ _ _ _ _ _ _ _ _ _ _ _ _ _ _ _ _ _\n\nself = <selenium.webdriver.remote.errorhandler.ErrorHandler object at 0x000001F64974D7C0>\nresponse = {'status': 400, 'value': '{\"value\":{\"error\":\"no such execution context\",\"message\":\"no such execution context\\\\n  (Sess...07FF631D89BC4]\\\\n\\\\tBaseThreadInitThunk [0x00007FFF0BFA257D+29]\\\\n\\\\tRtlUserThreadStart [0x00007FFF0CF4AA58+40]\\\\n\"}}'}\n\n    def check_response(self, response: Dict[str, Any]) -> None:\n        \"\"\"Checks that a JSON response from the WebDriver does not have an\n        error.\n    \n        :Args:\n         - response - The JSON response from the WebDriver server as a dictionary\n           object.\n    \n        :Raises: If the response contains an error message.\n        \"\"\"\n        status = response.get(\"status\", None)\n        if not status or status == ErrorCode.SUCCESS:\n            return\n        value = None\n        message = response.get(\"message\", \"\")\n        screen: str = response.get(\"screen\", \"\")\n        stacktrace = None\n        if isinstance(status, int):\n            value_json = response.get(\"value\", None)\n            if value_json and isinstance(value_json, str):\n                import json\n    \n                try:\n                    value = json.loads(value_json)\n                    if len(value) == 1:\n                        value = value[\"value\"]\n                    status = value.get(\"error\", None)\n                    if not status:\n                        status = value.get(\"status\", ErrorCode.UNKNOWN_ERROR)\n                        message = value.get(\"value\") or value.get(\"message\")\n                        if not isinstance(message, str):\n                            value = message\n                            message = message.get(\"message\")\n                    else:\n                        message = value.get(\"message\", None)\n                except ValueError:\n                    pass\n    \n        exception_class: Type[WebDriverException]\n        e = ErrorCode()\n        error_codes = [item for item in dir(e) if not item.startswith(\"__\")]\n        for error_code in error_codes:\n            error_info = getattr(ErrorCode, error_code)\n            if isinstance(error_info, list) and status in error_info:\n                exception_class = getattr(ExceptionMapping, error_code, WebDriverException)\n                break\n        else:\n            exception_class = WebDriverException\n    \n        if not value:\n            value = response[\"value\"]\n        if isinstance(value, str):\n            raise exception_class(value)\n        if message == \"\" and \"message\" in value:\n            message = value[\"message\"]\n    \n        screen = None  # type: ignore[assignment]\n        if \"screen\" in value:\n            screen = value[\"screen\"]\n    \n        stacktrace = None\n        st_value = value.get(\"stackTrace\") or value.get(\"stacktrace\")\n        if st_value:\n            if isinstance(st_value, str):\n                stacktrace = st_value.split(\"\\n\")\n            else:\n                stacktrace = []\n                try:\n                    for frame in st_value:\n                        line = frame.get(\"lineNumber\", \"\")\n                        file = frame.get(\"fileName\", \"<anonymous>\")\n                        if line:\n                            file = f\"{file}:{line}\"\n                        meth = frame.get(\"methodName\", \"<anonymous>\")\n                        if \"className\" in frame:\n                            meth = f\"{frame['className']}.{meth}\"\n                        msg = \"    at %s (%s)\"\n                        msg = msg % (meth, file)\n                        stacktrace.append(msg)\n                except TypeError:\n                    pass\n        if exception_class == UnexpectedAlertPresentException:\n            alert_text = None\n            if \"data\" in value:\n                alert_text = value[\"data\"].get(\"text\")\n            elif \"alert\" in value:\n                alert_text = value[\"alert\"].get(\"text\")\n            raise exception_class(message, screen, stacktrace, alert_text)  # type: ignore[call-arg]  # mypy is not smart enough here\n>       raise exception_class(message, screen, stacktrace)\nE       selenium.common.exceptions.WebDriverException: Message: no such execution context\nE         (Session info: chrome=123.0.6312.59)\nE       Stacktrace:\nE       \tGetHandleVerifier [0x00007FF631E27062+63090]\nE       \t(No symbol) [0x00007FF631D92CB2]\nE       \t(No symbol) [0x00007FF631C2EB1D]\nE       \t(No symbol) [0x00007FF631C1C76D]\nE       \t(No symbol) [0x00007FF631C1B100]\nE       \t(No symbol) [0x00007FF631C1BA8F]\nE       \t(No symbol) [0x00007FF631C2925A]\nE       \t(No symbol) [0x00007FF631C3AB0E]\nE       \t(No symbol) [0x00007FF631C3F82A]\nE       \t(No symbol) [0x00007FF631C1C006]\nE       \t(No symbol) [0x00007FF631C3A6A4]\nE       \t(No symbol) [0x00007FF631CB32ED]\nE       \t(No symbol) [0x00007FF631C96D83]\nE       \t(No symbol) [0x00007FF631C683A8]\nE       \t(No symbol) [0x00007FF631C69441]\nE       \tGetHandleVerifier [0x00007FF6322225CD+4238301]\nE       \tGetHandleVerifier [0x00007FF63225F72D+4488509]\nE       \tGetHandleVerifier [0x00007FF632257A0F+4456479]\nE       \tGetHandleVerifier [0x00007FF631F005A6+953270]\nE       \t(No symbol) [0x00007FF631D9E57F]\nE       \t(No symbol) [0x00007FF631D99254]\nE       \t(No symbol) [0x00007FF631D9938B]\nE       \t(No symbol) [0x00007FF631D89BC4]\nE       \tBaseThreadInitThunk [0x00007FFF0BFA257D+29]\nE       \tRtlUserThreadStart [0x00007FFF0CF4AA58+40]\n\n.venv\\Lib\\site-packages\\selenium\\webdriver\\remote\\errorhandler.py:229: WebDriverException"}, "parameters": [{"name": "init_driver", "value": "'chrome'"}], "start": 1711350862143, "stop": 1711350862143, "uuid": "8f299c4f-00ef-4205-84c5-32a2f4685856", "historyId": "74db6cb3c700bd24a4d8e2e155425927", "testCaseId": "930baafd8feacb6a08ece4d5f826c925", "fullName": "Tests.UI_Test.test_login.TestLogin#test_valid_signin", "labels": [{"name": "severity", "value": "critical"}, {"name": "tag", "value": "run(order=2)"}, {"name": "tag", "value": "@pytest.mark.usefixtures('init_driver')"}, {"name": "parentSuite", "value": "Tests.UI_Test"}, {"name": "suite", "value": "test_login"}, {"name": "subSuite", "value": "TestLogin"}, {"name": "host", "value": "Feuji-006L-R"}, {"name": "thread", "value": "16800-MainThread"}, {"name": "framework", "value": "pytest"}, {"name": "language", "value": "cpython3"}, {"name": "package", "value": "Tests.UI_Test.test_login"}]}